  BattlerInfo.cpp
  ConsoleObject.cpp
c:\users\jakek\source\repos\pokemon_cpp\pokemoncpp\consoleobject.cpp(36): warning C4267: 'initializing': conversion from 'size_t' to 'int', possible loss of data
  ConsoleWindow.cpp
  FightCommandMenu.cpp
  Main.cpp
  RPGSprite.cpp
  Sprite.cpp
  Generating Code...
Main.obj : error LNK2019: unresolved external symbol SDL_GetError referenced in function "void __cdecl init(void)" (?init@@YAXXZ)
Sprite.obj : error LNK2001: unresolved external symbol SDL_GetError
Main.obj : error LNK2019: unresolved external symbol SDL_CreateWindow referenced in function "void __cdecl init(void)" (?init@@YAXXZ)
Main.obj : error LNK2019: unresolved external symbol SDL_DestroyWindow referenced in function "void __cdecl tearDown(void)" (?tearDown@@YAXXZ)
Main.obj : error LNK2019: unresolved external symbol SDL_PollEvent referenced in function SDL_main
Main.obj : error LNK2019: unresolved external symbol SDL_SetHint referenced in function "void __cdecl init(void)" (?init@@YAXXZ)
Main.obj : error LNK2019: unresolved external symbol SDL_CreateRenderer referenced in function "void __cdecl init(void)" (?init@@YAXXZ)
Main.obj : error LNK2019: unresolved external symbol SDL_SetRenderDrawColor referenced in function "void __cdecl init(void)" (?init@@YAXXZ)
Main.obj : error LNK2019: unresolved external symbol SDL_RenderClear referenced in function SDL_main
Main.obj : error LNK2019: unresolved external symbol SDL_RenderPresent referenced in function SDL_main
Main.obj : error LNK2019: unresolved external symbol SDL_DestroyRenderer referenced in function "void __cdecl tearDown(void)" (?tearDown@@YAXXZ)
Main.obj : error LNK2019: unresolved external symbol SDL_Init referenced in function "void __cdecl init(void)" (?init@@YAXXZ)
Main.obj : error LNK2019: unresolved external symbol SDL_Quit referenced in function "void __cdecl tearDown(void)" (?tearDown@@YAXXZ)
Main.obj : error LNK2019: unresolved external symbol IMG_Init referenced in function "void __cdecl init(void)" (?init@@YAXXZ)
Main.obj : error LNK2019: unresolved external symbol IMG_Quit referenced in function "void __cdecl tearDown(void)" (?tearDown@@YAXXZ)
Sprite.obj : error LNK2019: unresolved external symbol SDL_MapRGB referenced in function "public: void __cdecl Sprite::LoadTexture(class std::basic_string<char,struct std::char_traits<char>,class std::allocator<char> >,struct SDL_Color *)" (?LoadTexture@Sprite@@QEAAXV?$basic_string@DU?$char_traits@D@std@@V?$allocator@D@2@@std@@PEAUSDL_Color@@@Z)
Sprite.obj : error LNK2019: unresolved external symbol SDL_FreeSurface referenced in function "public: void __cdecl Sprite::LoadTexture(class std::basic_string<char,struct std::char_traits<char>,class std::allocator<char> >,struct SDL_Color *)" (?LoadTexture@Sprite@@QEAAXV?$basic_string@DU?$char_traits@D@std@@V?$allocator@D@2@@std@@PEAUSDL_Color@@@Z)
Sprite.obj : error LNK2019: unresolved external symbol SDL_SetColorKey referenced in function "public: void __cdecl Sprite::LoadTexture(class std::basic_string<char,struct std::char_traits<char>,class std::allocator<char> >,struct SDL_Color *)" (?LoadTexture@Sprite@@QEAAXV?$basic_string@DU?$char_traits@D@std@@V?$allocator@D@2@@std@@PEAUSDL_Color@@@Z)
Sprite.obj : error LNK2019: unresolved external symbol SDL_CreateTextureFromSurface referenced in function "public: void __cdecl Sprite::LoadTexture(class std::basic_string<char,struct std::char_traits<char>,class std::allocator<char> >,struct SDL_Color *)" (?LoadTexture@Sprite@@QEAAXV?$basic_string@DU?$char_traits@D@std@@V?$allocator@D@2@@std@@PEAUSDL_Color@@@Z)
Sprite.obj : error LNK2019: unresolved external symbol SDL_SetTextureColorMod referenced in function "public: void __cdecl Sprite::Render(void)" (?Render@Sprite@@QEAAXXZ)
Sprite.obj : error LNK2019: unresolved external symbol SDL_SetTextureAlphaMod referenced in function "public: void __cdecl Sprite::Render(void)" (?Render@Sprite@@QEAAXXZ)
Sprite.obj : error LNK2019: unresolved external symbol SDL_SetTextureBlendMode referenced in function "public: void __cdecl Sprite::Render(void)" (?Render@Sprite@@QEAAXXZ)
Sprite.obj : error LNK2019: unresolved external symbol SDL_RenderCopyEx referenced in function "public: void __cdecl Sprite::Render(void)" (?Render@Sprite@@QEAAXXZ)
Sprite.obj : error LNK2019: unresolved external symbol IMG_Load referenced in function "public: void __cdecl Sprite::LoadTexture(class std::basic_string<char,struct std::char_traits<char>,class std::allocator<char> >,struct SDL_Color *)" (?LoadTexture@Sprite@@QEAAXV?$basic_string@DU?$char_traits@D@std@@V?$allocator@D@2@@std@@PEAUSDL_Color@@@Z)
MSVCRTD.lib(exe_main.obj) : error LNK2019: unresolved external symbol main referenced in function "int __cdecl invoke_main(void)" (?invoke_main@@YAHXZ)
C:\sdl\lib\x86\SDL2.lib : warning LNK4272: library machine type 'x86' conflicts with target machine type 'x64'
C:\sdl\lib\x86\SDL2main.lib : warning LNK4272: library machine type 'x86' conflicts with target machine type 'x64'
C:\sdl\sdl2_image\lib\x86\SDL2_image.lib : warning LNK4272: library machine type 'x86' conflicts with target machine type 'x64'
C:\sdl\sdl2_ttf\lib\x86\SDL2_ttf.lib : warning LNK4272: library machine type 'x86' conflicts with target machine type 'x64'
C:\sdl\sdl2_mixer\lib\x86\SDL2_mixer.lib : warning LNK4272: library machine type 'x86' conflicts with target machine type 'x64'
C:\Users\jakek\source\repos\pokemon_cpp\x64\Debug\PokemonCPP.exe : fatal error LNK1120: 24 unresolved externals
